<?xml version="1.0" encoding="UTF-8"?>
<!-- Generated by org.testng.reporters.JUnitXMLReporter -->
<testsuite ignored="0" hostname="PMURUGES-190117" failures="0" tests="3" name="Chrometestcases1" time="77.152" errors="0" timestamp="2020-08-28T01:53:38 IST">
  <testcase classname="amazontest.AmazonLoginFail" name="AmazonLogin" time="18.569"/>
  <testcase classname="amazontest.AmazonLoginFail" name="AmazonLogin1" time="9.412"/>
  <testcase classname="amazontest.AmazonLoginFail" name="AmazonLogin2" time="10.662"/>
</testsuite> <!-- Chrometestcases1 -->
