<?xml version="1.0" encoding="UTF-8"?>
<!-- Generated by org.testng.reporters.JUnitXMLReporter -->
<testsuite ignored="0" hostname="PMURUGES-190117" failures="0" tests="3" name="Firefoxtestcases1" time="74.404" errors="0" timestamp="2020-08-28T01:53:36 IST">
  <testcase classname="amazontest.AmazonLoginFail" name="AmazonLogin" time="9.865"/>
  <testcase classname="amazontest.AmazonLoginFail" name="AmazonLogin1" time="10.67"/>
  <testcase classname="amazontest.AmazonLoginFail" name="AmazonLogin2" time="10.077"/>
</testsuite> <!-- Firefoxtestcases1 -->
