<?xml version="1.0" encoding="UTF-8"?>
<!-- Generated by org.testng.reporters.JUnitXMLReporter -->
<testsuite ignored="0" hostname="PMURUGES-190117" failures="1" tests="1" name="IEtestcases" time="0.138" errors="0" timestamp="2020-08-15T02:51:36 IST">
  <testcase classname="Amazon.TestMultipleBrowsersAmazonLogin" name="AmazonLogin" time="0.016">
    <failure type="java.lang.NullPointerException">
      <![CDATA[java.lang.NullPointerException
at Amazon.TestMultipleBrowsersAmazonLogin.AmazonLogin(TestMultipleBrowsersAmazonLogin.java:31)
at java.base/java.util.ArrayList.forEach(ArrayList.java:1507)
at java.base/java.util.concurrent.FutureTask.run(FutureTask.java:264)
at java.base/java.util.concurrent.ThreadPoolExecutor.runWorker(ThreadPoolExecutor.java:1128)
at java.base/java.util.concurrent.ThreadPoolExecutor$Worker.run(ThreadPoolExecutor.java:628)
at java.base/java.lang.Thread.run(Thread.java:830)
... Removed 18 stack frames]]>
    </failure>
  </testcase> <!-- AmazonLogin -->
</testsuite> <!-- IEtestcases -->
