<?xml version="1.0" encoding="UTF-8"?>
<testng-results ignored="0" total="2" passed="2" failed="0" skipped="0">
  <reporter-output>
  </reporter-output>
  <suite started-at="2020-08-17T05:40:00 IST" name="Suite" finished-at="2020-08-17T05:40:33 IST" duration-ms="33801">
    <groups>
    </groups>
    <test started-at="2020-08-17T05:40:00 IST" name="Firefoxtestcases" finished-at="2020-08-17T05:40:30 IST" duration-ms="30674">
      <class name="Amazon.TestMultipleBrowsersAmazonLogin">
        <test-method signature="AmazonLogin(java.lang.String)[pri:0, instance:Amazon.TestMultipleBrowsersAmazonLogin@6b4a4e18]" started-at="2020-08-17T05:40:00 IST" name="AmazonLogin" finished-at="2020-08-17T05:40:30 IST" duration-ms="30563" status="PASS">
          <params>
            <param index="0">
              <value>
                <![CDATA[firefox]]>
              </value>
            </param>
          </params>
          <reporter-output>
          </reporter-output>
        </test-method> <!-- AmazonLogin -->
      </class> <!-- Amazon.TestMultipleBrowsersAmazonLogin -->
    </test> <!-- Firefoxtestcases -->
    <test started-at="2020-08-17T05:40:00 IST" name="Chrometestcases" finished-at="2020-08-17T05:40:33 IST" duration-ms="33801">
      <class name="Amazon.TestMultipleBrowsersAmazonLogin">
        <test-method signature="AmazonLogin(java.lang.String)[pri:0, instance:Amazon.TestMultipleBrowsersAmazonLogin@4c1d9d4b]" started-at="2020-08-17T05:40:00 IST" name="AmazonLogin" finished-at="2020-08-17T05:40:33 IST" duration-ms="33703" status="PASS">
          <params>
            <param index="0">
              <value>
                <![CDATA[chrome]]>
              </value>
            </param>
          </params>
          <reporter-output>
          </reporter-output>
        </test-method> <!-- AmazonLogin -->
      </class> <!-- Amazon.TestMultipleBrowsersAmazonLogin -->
    </test> <!-- Chrometestcases -->
  </suite> <!-- Suite -->
</testng-results>
